FTC_LOG [2017-08-08 10:59:07:597]   移除: [ id = 92427103979705; uri = https://image.mybank.icbc.com.cn//picture/creditCard/cardPicture/C000066493.jpg; type = HTTP下载; remote path = /; local path = C:/ICBC/winoneO2O/CreditCard/res/C000066493.jpg; state = 下载中; config path = C000066493.jpg.conf; tmp path = C000066493.jpg.tmp ]
FTC_LOG [2017-08-08 10:59:07:597]   移除: [ id = 92427262784710; uri = https://image.mybank.icbc.com.cn//picture/creditCard/cardPicture/C000066494.jpg; type = HTTP下载; remote path = /; local path = C:/ICBC/winoneO2O/CreditCard/res/C000066494.jpg; state = 下载中; config path = C000066494.jpg.conf; tmp path = C000066494.jpg.tmp ]
FTC_LOG [2017-08-08 10:59:08:598]   移除: [ id = 92427264337976; uri = https://image.mybank.icbc.com.cn//picture/creditCard/cardPicture/C000066501.jpg; type = HTTP下载; remote path = /; local path = C:/ICBC/winoneO2O/CreditCard/res/C000066501.jpg; state = 下载中; config path = C000066501.jpg.conf; tmp path = C000066501.jpg.tmp ]
FTC_LOG [2017-08-08 10:59:08:598]   移除: [ id = 92427265178038; uri = https://image.mybank.icbc.com.cn//picture/creditCard/cardPicture/C000068981.jpg; type = HTTP下载; remote path = /; local path = C:/ICBC/winoneO2O/CreditCard/res/C000068981.jpg; state = 下载中; config path = C000068981.jpg.conf; tmp path = C000068981.jpg.tmp ]
FTC_LOG [2017-08-08 10:59:08:598]   ------------------------开始检测------------------------
FTC_LOG [2017-08-08 10:59:08:598]   [ task : HTTP下载 https://image.mybank.icbc.com.cn//picture/creditCard/cardPicture/C000068980.jpg; state: 传输中; currentSize: 16384; progress: 8 Kb/s ]
FTC_LOG [2017-08-08 10:59:08:598]   

FTC_LOG [2017-08-08 10:59:09:599]   移除: [ id = 92427266132122; uri = https://image.mybank.icbc.com.cn//picture/creditCard/cardPicture/C000068980.jpg; type = HTTP下载; remote path = /; local path = C:/ICBC/winoneO2O/CreditCard/res/C000068980.jpg; state = 下载中; config path = C000068980.jpg.conf; tmp path = C000068980.jpg.tmp ]
FTC_LOG [2017-08-08 10:59:09:599]   移除: [ id = 92427267388251; uri = https://image.mybank.icbc.com.cn//picture/creditCard/cardPicture/C000068992.jpg; type = HTTP下载; remote path = /; local path = C:/ICBC/winoneO2O/CreditCard/res/C000068992.jpg; state = 下载中; config path = C000068992.jpg.conf; tmp path = C000068992.jpg.tmp ]
FTC_LOG [2017-08-08 10:59:09:599]   移除: [ id = 92427268732351; uri = https://image.mybank.icbc.com.cn//picture/creditCard/cardPicture/C000071485.jpg; type = HTTP下载; remote path = /; local path = C:/ICBC/winoneO2O/CreditCard/res/C000071485.jpg; state = 下载中; config path = C000071485.jpg.conf; tmp path = C000071485.jpg.tmp ]
FTC_LOG [2017-08-08 10:59:10:5910]   移除: [ id = 92427270080982; uri = https://image.mybank.icbc.com.cn//picture/creditCard/cardPicture/C000071478.jpg; type = HTTP下载; remote path = /; local path = C:/ICBC/winoneO2O/CreditCard/res/C000071478.jpg; state = 下载中; config path = C000071478.jpg.conf; tmp path = C000071478.jpg.tmp ]
FTC_LOG [2017-08-08 10:59:10:5910]   移除: [ id = 92427271019208; uri = https://image.mybank.icbc.com.cn//picture/creditCard/cardPicture/C000071476.jpg; type = HTTP下载; remote path = /; local path = C:/ICBC/winoneO2O/CreditCard/res/C000071476.jpg; state = 下载中; config path = C000071476.jpg.conf; tmp path = C000071476.jpg.tmp ]
FTC_LOG [2017-08-08 10:59:11:5911]   移除: [ id = 92427271873618; uri = https://image.mybank.icbc.com.cn//picture/creditCard/cardPicture/C000050484.jpg; type = HTTP下载; remote path = /; local path = C:/ICBC/winoneO2O/CreditCard/res/C000050484.jpg; state = 下载中; config path = C000050484.jpg.conf; tmp path = C000050484.jpg.tmp ]
FTC_LOG [2017-08-08 10:59:11:5911]   移除: [ id = 92427272796365; uri = https://image.mybank.icbc.com.cn//picture/creditCard/cardPicture/C000050478.jpg; type = HTTP下载; remote path = /; local path = C:/ICBC/winoneO2O/CreditCard/res/C000050478.jpg; state = 下载中; config path = C000050478.jpg.conf; tmp path = C000050478.jpg.tmp ]
FTC_LOG [2017-08-08 10:59:11:5911]   ------------------------开始检测------------------------
FTC_LOG [2017-08-08 10:59:11:5911]   [ task : HTTP下载 https://image.mybank.icbc.com.cn//picture/creditCard/cardPicture/C000050483.jpg; state: 传输中; currentSize: 0 ]
FTC_LOG [2017-08-08 10:59:11:5911]   

FTC_LOG [2017-08-08 10:59:12:5912]   移除: [ id = 92427273592631; uri = https://image.mybank.icbc.com.cn//picture/creditCard/cardPicture/C000050483.jpg; type = HTTP下载; remote path = /; local path = C:/ICBC/winoneO2O/CreditCard/res/C000050483.jpg; state = 下载中; config path = C000050483.jpg.conf; tmp path = C000050483.jpg.tmp ]
FTC_LOG [2017-08-08 10:59:12:5912]   移除: [ id = 92427274396448; uri = https://image.mybank.icbc.com.cn//picture/creditCard/cardPicture/C000047977.jpg; type = HTTP下载; remote path = /; local path = C:/ICBC/winoneO2O/CreditCard/res/C000047977.jpg; state = 下载中; config path = C000047977.jpg.conf; tmp path = C000047977.jpg.tmp ]
FTC_LOG [2017-08-08 10:59:12:5912]   移除: [ id = 92427275236133; uri = https://image.mybank.icbc.com.cn//picture/creditCard/cardPicture/C000047978.jpg; type = HTTP下载; remote path = /; local path = C:/ICBC/winoneO2O/CreditCard/res/C000047978.jpg; state = 下载中; config path = C000047978.jpg.conf; tmp path = C000047978.jpg.tmp ]
FTC_LOG [2017-08-08 10:59:13:5913]   移除: [ id = 92427276017674; uri = https://image.mybank.icbc.com.cn//picture/creditCard/cardPicture/C000013484.jpg; type = HTTP下载; remote path = /; local path = C:/ICBC/winoneO2O/CreditCard/res/C000013484.jpg; state = 下载中; config path = C000013484.jpg.conf; tmp path = C000013484.jpg.tmp ]
FTC_LOG [2017-08-08 10:59:13:5913]   移除: [ id = 92427276748622; uri = https://image.mybank.icbc.com.cn//picture/creditCard/cardPicture/C000013485.jpg; type = HTTP下载; remote path = /; local path = C:/ICBC/winoneO2O/CreditCard/res/C000013485.jpg; state = 下载中; config path = C000013485.jpg.conf; tmp path = C000013485.jpg.tmp ]
FTC_LOG [2017-08-08 10:59:14:5914]   移除: [ id = 92427278372869; uri = https://image.mybank.icbc.com.cn//picture/creditCard/cardPicture/C000014977.jpg; type = HTTP下载; remote path = /; local path = C:/ICBC/winoneO2O/CreditCard/res/C000014977.jpg; state = 下载中; config path = C000014977.jpg.conf; tmp path = C000014977.jpg.tmp ]
FTC_LOG [2017-08-08 10:59:14:5914]   移除: [ id = 92427279316004; uri = https://image.mybank.icbc.com.cn//picture/creditCard/cardPicture/C000019476.jpg; type = HTTP下载; remote path = /; local path = C:/ICBC/winoneO2O/CreditCard/res/C000019476.jpg; state = 下载中; config path = C000019476.jpg.conf; tmp path = C000019476.jpg.tmp ]
FTC_LOG [2017-08-08 10:59:14:5914]   ------------------------开始检测------------------------
FTC_LOG [2017-08-08 10:59:14:5914]   

FTC_LOG [2017-08-08 10:59:15:5915]   移除: [ id = 92427280180607; uri = https://image.mybank.icbc.com.cn//picture/creditCard/cardPicture/C000019478.jpg; type = HTTP下载; remote path = /; local path = C:/ICBC/winoneO2O/CreditCard/res/C000019478.jpg; state = 下载中; config path = C000019478.jpg.conf; tmp path = C000019478.jpg.tmp ]
FTC_LOG [2017-08-08 10:59:15:5915]   移除: [ id = 92427280942138; uri = https://image.mybank.icbc.com.cn//picture/creditCard/cardPicture/C000026981.jpg; type = HTTP下载; remote path = /; local path = C:/ICBC/winoneO2O/CreditCard/res/C000026981.jpg; state = 下载中; config path = C000026981.jpg.conf; tmp path = C000026981.jpg.tmp ]
FTC_LOG [2017-08-08 10:59:15:5915]   移除: [ id = 92427281719903; uri = https://image.mybank.icbc.com.cn//picture/creditCard/cardPicture/C000005602.jpg; type = HTTP下载; remote path = /; local path = C:/ICBC/winoneO2O/CreditCard/res/C000005602.jpg; state = 下载中; config path = C000005602.jpg.conf; tmp path = C000005602.jpg.tmp ]
FTC_LOG [2017-08-08 10:59:16:5916]   移除: [ id = 92427282618109; uri = https://image.mybank.icbc.com.cn//picture/creditCard/cardPicture/C000005603.jpg; type = HTTP下载; remote path = /; local path = C:/ICBC/winoneO2O/CreditCard/res/C000005603.jpg; state = 下载中; config path = C000005603.jpg.conf; tmp path = C000005603.jpg.tmp ]
FTC_LOG [2017-08-08 10:59:16:5916]   移除: [ id = 92427283703206; uri = https://image.mybank.icbc.com.cn//picture/creditCard/cardPicture/C000026982.jpg; type = HTTP下载; remote path = /; local path = C:/ICBC/winoneO2O/CreditCard/res/C000026982.jpg; state = 下载中; config path = C000026982.jpg.conf; tmp path = C000026982.jpg.tmp ]
FTC_LOG [2017-08-08 10:59:16:5916]   ------------------------开始检测------------------------
FTC_LOG [2017-08-08 10:59:16:5916]   [ task : HTTP下载 https://image.mybank.icbc.com.cn//picture/creditCard/cardPicture/C000067007.jpg; state: 传输中; currentSize: 0 ]
FTC_LOG [2017-08-08 10:59:16:5916]   

FTC_LOG [2017-08-08 10:59:17:5917]   移除: [ id = 92427284661443; uri = https://image.mybank.icbc.com.cn//picture/creditCard/cardPicture/C000067007.jpg; type = HTTP下载; remote path = /; local path = C:/ICBC/winoneO2O/CreditCard/res/C000067007.jpg; state = 下载中; config path = C000067007.jpg.conf; tmp path = C000067007.jpg.tmp ]
FTC_LOG [2017-08-08 10:59:17:5917]   移除: [ id = 92427285696702; uri = https://image.mybank.icbc.com.cn//picture/creditCard/cardPicture/C000067002.jpg; type = HTTP下载; remote path = /; local path = C:/ICBC/winoneO2O/CreditCard/res/C000067002.jpg; state = 下载中; config path = C000067002.jpg.conf; tmp path = C000067002.jpg.tmp ]
FTC_LOG [2017-08-08 10:59:17:5917]   ------------------------开始检测------------------------
FTC_LOG [2017-08-08 10:59:17:5917]   [ task : HTTP下载 https://image.mybank.icbc.com.cn//picture/creditCard/cardPicture/C000067018.jpg; state: 传输中; currentSize: 0 ]
FTC_LOG [2017-08-08 10:59:17:5917]   

FTC_LOG [2017-08-08 10:59:18:5918]   移除: [ id = 92427286695715; uri = https://image.mybank.icbc.com.cn//picture/creditCard/cardPicture/C000067018.jpg; type = HTTP下载; remote path = /; local path = C:/ICBC/winoneO2O/CreditCard/res/C000067018.jpg; state = 下载中; config path = C000067018.jpg.conf; tmp path = C000067018.jpg.tmp ]
FTC_LOG [2017-08-08 10:59:18:5918]   移除: [ id = 92427287660749; uri = https://image.mybank.icbc.com.cn//picture/creditCard/cardPicture/C000005805.jpg; type = HTTP下载; remote path = /; local path = C:/ICBC/winoneO2O/CreditCard/res/C000005805.jpg; state = 下载中; config path = C000005805.jpg.conf; tmp path = C000005805.jpg.tmp ]
FTC_LOG [2017-08-08 10:59:18:5918]   ------------------------开始检测------------------------
FTC_LOG [2017-08-08 10:59:18:5918]   

FTC_LOG [2017-08-08 10:59:19:5919]   移除: [ id = 92427288526485; uri = https://image.mybank.icbc.com.cn//picture/creditCard/cardPicture/C000005806.jpg; type = HTTP下载; remote path = /; local path = C:/ICBC/winoneO2O/CreditCard/res/C000005806.jpg; state = 下载中; config path = C000005806.jpg.conf; tmp path = C000005806.jpg.tmp ]
FTC_LOG [2017-08-08 10:59:19:5919]   移除: [ id = 92427289331434; uri = https://image.mybank.icbc.com.cn//picture/creditCard/cardPicture/C000005804.jpg; type = HTTP下载; remote path = /; local path = C:/ICBC/winoneO2O/CreditCard/res/C000005804.jpg; state = 下载中; config path = C000005804.jpg.conf; tmp path = C000005804.jpg.tmp ]
FTC_LOG [2017-08-08 10:59:19:5919]   移除: [ id = 92427290136762; uri = https://image.mybank.icbc.com.cn//picture/creditCard/cardPicture/C000005808.jpg; type = HTTP下载; remote path = /; local path = C:/ICBC/winoneO2O/CreditCard/res/C000005808.jpg; state = 下载中; config path = C000005808.jpg.conf; tmp path = C000005808.jpg.tmp ]
FTC_LOG [2017-08-08 10:59:20:5920]   移除: [ id = 92427290889231; uri = https://image.mybank.icbc.com.cn//picture/creditCard/cardPicture/C000005834.jpg; type = HTTP下载; remote path = /; local path = C:/ICBC/winoneO2O/CreditCard/res/C000005834.jpg; state = 下载中; config path = C000005834.jpg.conf; tmp path = C000005834.jpg.tmp ]
FTC_LOG [2017-08-08 10:59:20:5920]   移除: [ id = 92427291633772; uri = https://image.mybank.icbc.com.cn//picture/creditCard/cardPicture/C000066982.jpg; type = HTTP下载; remote path = /; local path = C:/ICBC/winoneO2O/CreditCard/res/C000066982.jpg; state = 下载中; config path = C000066982.jpg.conf; tmp path = C000066982.jpg.tmp ]
FTC_LOG [2017-08-08 10:59:20:5920]   ------------------------开始检测------------------------
FTC_LOG [2017-08-08 10:59:20:5920]   [ task : HTTP下载 https://image.mybank.icbc.com.cn//picture/creditCard/cardPicture/C000066983.jpg; state: 传输中; currentSize: 0 ]
FTC_LOG [2017-08-08 10:59:20:5920]   

FTC_LOG [2017-08-08 10:59:21:5921]   移除: [ id = 92427292379822; uri = https://image.mybank.icbc.com.cn//picture/creditCard/cardPicture/C000066983.jpg; type = HTTP下载; remote path = /; local path = C:/ICBC/winoneO2O/CreditCard/res/C000066983.jpg; state = 下载中; config path = C000066983.jpg.conf; tmp path = C000066983.jpg.tmp ]
FTC_LOG [2017-08-08 10:59:21:5921]   移除: [ id = 92427293142863; uri = https://image.mybank.icbc.com.cn//picture/creditCard/cardPicture/C000066981.jpg; type = HTTP下载; remote path = /; local path = C:/ICBC/winoneO2O/CreditCard/res/C000066981.jpg; state = 下载中; config path = C000066981.jpg.conf; tmp path = C000066981.jpg.tmp ]
FTC_LOG [2017-08-08 10:59:21:5921]   ------------------------开始检测------------------------
FTC_LOG [2017-08-08 10:59:21:5921]   

FTC_LOG [2017-08-08 10:59:22:5922]   移除: [ id = 92427293837944; uri = https://image.mybank.icbc.com.cn//picture/creditCard/cardPicture/C000066979.jpg; type = HTTP下载; remote path = /; local path = C:/ICBC/winoneO2O/CreditCard/res/C000066979.jpg; state = 下载中; config path = C000066979.jpg.conf; tmp path = C000066979.jpg.tmp ]
FTC_LOG [2017-08-08 10:59:22:5922]   移除: [ id = 92427294598720; uri = https://image.mybank.icbc.com.cn//picture/creditCard/cardPicture/C000066980.jpg; type = HTTP下载; remote path = /; local path = C:/ICBC/winoneO2O/CreditCard/res/C000066980.jpg; state = 下载中; config path = C000066980.jpg.conf; tmp path = C000066980.jpg.tmp ]
FTC_LOG [2017-08-08 10:59:22:5922]   移除: [ id = 92427295380638; uri = https://image.mybank.icbc.com.cn//picture/creditCard/cardPicture/C000066977.jpg; type = HTTP下载; remote path = /; local path = C:/ICBC/winoneO2O/CreditCard/res/C000066977.jpg; state = 下载中; config path = C000066977.jpg.conf; tmp path = C000066977.jpg.tmp ]
FTC_LOG [2017-08-08 10:59:23:5923]   移除: [ id = 92427295723082; uri = https://image.mybank.icbc.com.cn//picture/creditCard/cardPicture/C000005802.jpg; type = HTTP下载; remote path = /; local path = C:/ICBC/winoneO2O/CreditCard/res/C000005802.jpg; state = 下载中; config path = C000005802.jpg.conf; tmp path = C000005802.jpg.tmp ]
FTC_LOG [2017-08-08 10:59:23:5923]   移除: [ id = 92427296050423; uri = https://image.mybank.icbc.com.cn//picture/creditCard/cardPicture/C000005803.jpg; type = HTTP下载; remote path = /; local path = C:/ICBC/winoneO2O/CreditCard/res/C000005803.jpg; state = 下载中; config path = C000005803.jpg.conf; tmp path = C000005803.jpg.tmp ]
FTC_LOG [2017-08-08 10:59:23:5923]   ------------------------开始检测------------------------
FTC_LOG [2017-08-08 10:59:23:5923]   [ task : HTTP下载 https://image.mybank.icbc.com.cn//picture/creditCard/cardPicture/C000005801.jpg; state: 传输中; currentSize: 0 ]
FTC_LOG [2017-08-08 10:59:23:5923]   

FTC_LOG [2017-08-08 10:59:24:5924]   移除: [ id = 92427296373611; uri = https://image.mybank.icbc.com.cn//picture/creditCard/cardPicture/C000005801.jpg; type = HTTP下载; remote path = /; local path = C:/ICBC/winoneO2O/CreditCard/res/C000005801.jpg; state = 下载中; config path = C000005801.jpg.conf; tmp path = C000005801.jpg.tmp ]
FTC_LOG [2017-08-08 10:59:24:5924]   移除: [ id = 92427296682452; uri = https://image.mybank.icbc.com.cn//picture/creditCard/cardPicture/C000066997.jpg; type = HTTP下载; remote path = /; local path = C:/ICBC/winoneO2O/CreditCard/res/C000066997.jpg; state = 下载中; config path = C000066997.jpg.conf; tmp path = C000066997.jpg.tmp ]
FTC_LOG [2017-08-08 10:59:24:5924]   移除: [ id = 92427296979211; uri = https://image.mybank.icbc.com.cn//picture/creditCard/cardPicture/C000067015.jpg; type = HTTP下载; remote path = /; local path = C:/ICBC/winoneO2O/CreditCard/res/C000067015.jpg; state = 下载中; config path = C000067015.jpg.conf; tmp path = C000067015.jpg.tmp ]
FTC_LOG [2017-08-08 10:59:25:5925]   移除: [ id = 92427297305042; uri = https://image.mybank.icbc.com.cn//picture/creditCard/cardPicture/C000066996.jpg; type = HTTP下载; remote path = /; local path = C:/ICBC/winoneO2O/CreditCard/res/C000066996.jpg; state = 下载中; config path = C000066996.jpg.conf; tmp path = C000066996.jpg.tmp ]
FTC_LOG [2017-08-08 10:59:25:5925]   移除: [ id = 92427297620679; uri = https://image.mybank.icbc.com.cn//picture/creditCard/cardPicture/C000003914.JPG; type = HTTP下载; remote path = /; local path = C:/ICBC/winoneO2O/CreditCard/res/C000003914.JPG; state = 下载中; config path = C000003914.JPG.conf; tmp path = C000003914.JPG.tmp ]
FTC_LOG [2017-08-08 10:59:26:5926]   移除: [ id = 92427297922724; uri = https://image.mybank.icbc.com.cn//picture/creditCard/cardPicture/C000003915.JPG; type = HTTP下载; remote path = /; local path = C:/ICBC/winoneO2O/CreditCard/res/C000003915.JPG; state = 下载中; config path = C000003915.JPG.conf; tmp path = C000003915.JPG.tmp ]
FTC_LOG [2017-08-08 10:59:26:5926]   移除: [ id = 92427298220238; uri = https://image.mybank.icbc.com.cn//picture/creditCard/cardPicture/C000026978.jpg; type = HTTP下载; remote path = /; local path = C:/ICBC/winoneO2O/CreditCard/res/C000026978.jpg; state = 下载中; config path = C000026978.jpg.conf; tmp path = C000026978.jpg.tmp ]
FTC_LOG [2017-08-08 10:59:26:5926]   ------------------------开始检测------------------------
FTC_LOG [2017-08-08 10:59:26:5926]   

FTC_LOG [2017-08-08 10:59:27:5927]   移除: [ id = 92427298514354; uri = https://image.mybank.icbc.com.cn//picture/creditCard/cardPicture/C000077476.jpg; type = HTTP下载; remote path = /; local path = C:/ICBC/winoneO2O/CreditCard/res/C000077476.jpg; state = 下载中; config path = C000077476.jpg.conf; tmp path = C000077476.jpg.tmp ]
FTC_LOG [2017-08-08 10:59:27:5927]   移除: [ id = 92427298858308; uri = https://image.mybank.icbc.com.cn//picture/creditCard/cardPicture/C000077482.jpg; type = HTTP下载; remote path = /; local path = C:/ICBC/winoneO2O/CreditCard/res/C000077482.jpg; state = 下载中; config path = C000077482.jpg.conf; tmp path = C000077482.jpg.tmp ]
FTC_LOG [2017-08-08 10:59:28:5928]   移除: [ id = 92427299175455; uri = https://image.mybank.icbc.com.cn//picture/creditCard/cardPicture/C000077488.jpg; type = HTTP下载; remote path = /; local path = C:/ICBC/winoneO2O/CreditCard/res/C000077488.jpg; state = 下载中; config path = C000077488.jpg.conf; tmp path = C000077488.jpg.tmp ]
FTC_LOG [2017-08-08 11:01:16:116]   移除: [ id = 92556596998504; uri = https://image.mybank.icbc.com.cn/picture/Perfinancingproduct/AXTL1715.pdf; type = HTTP下载; remote path = /; local path = C:/ICBC/winoneO2O/Financial/res/AXTL1715.pdf; state = 下载中; config path = AXTL1715.pdf.conf; tmp path = AXTL1715.pdf.tmp ]
FTC_LOG [2017-08-08 11:01:17:117]   移除: [ id = 92556747779686; uri = https://image.mybank.icbc.com.cn/picture/Perfinancingproduct/BBWL273.pdf; type = HTTP下载; remote path = /; local path = C:/ICBC/winoneO2O/Financial/res/BBWL273.pdf; state = 下载中; config path = BBWL273.pdf.conf; tmp path = BBWL273.pdf.tmp ]
FTC_LOG [2017-08-08 11:01:17:117]   移除: [ id = 92556748116467; uri = https://image.mybank.icbc.com.cn/picture/Perfinancingproduct/BBWL364.pdf; type = HTTP下载; remote path = /; local path = C:/ICBC/winoneO2O/Financial/res/BBWL364.pdf; state = 下载中; config path = BBWL364.pdf.conf; tmp path = BBWL364.pdf.tmp ]
FTC_LOG [2017-08-08 11:01:18:118]   移除: [ id = 92556748293540; uri = https://image.mybank.icbc.com.cn/picture/Perfinancingproduct/CFWL1001.pdf; type = HTTP下载; remote path = /; local path = C:/ICBC/winoneO2O/Financial/res/CFWL1001.pdf; state = 下载中; config path = CFWL1001.pdf.conf; tmp path = CFWL1001.pdf.tmp ]
FTC_LOG [2017-08-08 11:01:19:119]   移除: [ id = 92556748470237; uri = https://image.mybank.icbc.com.cn/picture/Perfinancingproduct/CFYX1703.pdf; type = HTTP下载; remote path = /; local path = C:/ICBC/winoneO2O/Financial/res/CFYX1703.pdf; state = 下载中; config path = CFYX1703.pdf.conf; tmp path = CFYX1703.pdf.tmp ]
FTC_LOG [2017-08-08 11:01:19:119]   移除: [ id = 92556748615218; uri = https://image.mybank.icbc.com.cn/picture/Perfinancingproduct/CFYX1704.pdf; type = HTTP下载; remote path = /; local path = C:/ICBC/winoneO2O/Financial/res/CFYX1704.pdf; state = 下载中; config path = CFYX1704.pdf.conf; tmp path = CFYX1704.pdf.tmp ]
FTC_LOG [2017-08-08 11:01:20:120]   移除: [ id = 92556748838354; uri = https://image.mybank.icbc.com.cn/picture/Perfinancingproduct/HSCS91.pdf; type = HTTP下载; remote path = /; local path = C:/ICBC/winoneO2O/Financial/res/HSCS91.pdf; state = 下载中; config path = HSCS91.pdf.conf; tmp path = HSCS91.pdf.tmp ]
FTC_LOG [2017-08-08 11:01:20:120]   移除: [ id = 92556748996172; uri = https://image.mybank.icbc.com.cn/picture/Perfinancingproduct/LT0801.pdf; type = HTTP下载; remote path = /; local path = C:/ICBC/winoneO2O/Financial/res/LT0801.pdf; state = 下载中; config path = LT0801.pdf.conf; tmp path = LT0801.pdf.tmp ]
FTC_LOG [2017-08-08 11:01:21:121]   移除: [ id = 92556749132470; uri = https://image.mybank.icbc.com.cn/picture/Perfinancingproduct/LT7D01.pdf; type = HTTP下载; remote path = /; local path = C:/ICBC/winoneO2O/Financial/res/LT7D01.pdf; state = 下载中; config path = LT7D01.pdf.conf; tmp path = LT7D01.pdf.tmp ]
FTC_LOG [2017-08-08 11:01:21:121]   移除: [ id = 92556749268390; uri = https://image.mybank.icbc.com.cn/picture/Perfinancingproduct/QQWJ01.pdf; type = HTTP下载; remote path = /; local path = C:/ICBC/winoneO2O/Financial/res/QQWJ01.pdf; state = 下载中; config path = QQWJ01.pdf.conf; tmp path = QQWJ01.pdf.tmp ]
FTC_LOG [2017-08-08 11:01:22:122]   移除: [ id = 92556749403555; uri = https://image.mybank.icbc.com.cn/picture/Perfinancingproduct/ZL180D02.pdf; type = HTTP下载; remote path = /; local path = C:/ICBC/winoneO2O/Financial/res/ZL180D02.pdf; state = 下载中; config path = ZL180D02.pdf.conf; tmp path = ZL180D02.pdf.tmp ]
FTC_LOG [2017-08-08 11:01:22:122]   移除: [ id = 92556749536455; uri = https://image.mybank.icbc.com.cn/picture/Perfinancingproduct/ZL240D01.pdf; type = HTTP下载; remote path = /; local path = C:/ICBC/winoneO2O/Financial/res/ZL240D01.pdf; state = 下载中; config path = ZL240D01.pdf.conf; tmp path = ZL240D01.pdf.tmp ]
FTC_LOG [2017-08-08 11:01:22:122]   移除: [ id = 92556749669355; uri = https://image.mybank.icbc.com.cn/picture/Perfinancingproduct/ZL240D02.pdf; type = HTTP下载; remote path = /; local path = C:/ICBC/winoneO2O/Financial/res/ZL240D02.pdf; state = 下载中; config path = ZL240D02.pdf.conf; tmp path = ZL240D02.pdf.tmp ]
FTC_LOG [2017-08-08 11:01:23:123]   移除: [ id = 92556749799612; uri = https://image.mybank.icbc.com.cn/picture/Perfinancingproduct/ZL40D01.pdf; type = HTTP下载; remote path = /; local path = C:/ICBC/winoneO2O/Financial/res/ZL40D01.pdf; state = 下载中; config path = ZL40D01.pdf.conf; tmp path = ZL40D01.pdf.tmp ]
FTC_LOG [2017-08-08 11:01:23:123]   移除: [ id = 92556749934022; uri = https://image.mybank.icbc.com.cn/picture/Perfinancingproduct/ZL40D02.pdf; type = HTTP下载; remote path = /; local path = C:/ICBC/winoneO2O/Financial/res/ZL40D02.pdf; state = 下载中; config path = ZL40D02.pdf.conf; tmp path = ZL40D02.pdf.tmp ]
FTC_LOG [2017-08-08 11:01:24:124]   移除: [ id = 92556750077870; uri = https://image.mybank.icbc.com.cn/picture/Perfinancingproduct/ZL60D02.pdf; type = HTTP下载; remote path = /; local path = C:/ICBC/winoneO2O/Financial/res/ZL60D02.pdf; state = 下载中; config path = ZL60D02.pdf.conf; tmp path = ZL60D02.pdf.tmp ]
FTC_LOG [2017-08-08 11:01:24:124]   移除: [ id = 92556750209638; uri = https://image.mybank.icbc.com.cn/picture/Perfinancingproduct/BBWL182.pdf; type = HTTP下载; remote path = /; local path = C:/ICBC/winoneO2O/Financial/res/BBWL182.pdf; state = 下载中; config path = BBWL182.pdf.conf; tmp path = BBWL182.pdf.tmp ]
FTC_LOG [2017-08-08 11:01:25:125]   移除: [ id = 92556750341027; uri = https://image.mybank.icbc.com.cn/picture/Perfinancingproduct/BBWL35.pdf; type = HTTP下载; remote path = /; local path = C:/ICBC/winoneO2O/Financial/res/BBWL35.pdf; state = 下载中; config path = BBWL35.pdf.conf; tmp path = BBWL35.pdf.tmp ]
FTC_LOG [2017-08-08 11:01:26:126]   移除: [ id = 92556750485631; uri = https://image.mybank.icbc.com.cn/picture/Perfinancingproduct/BBWL63.pdf; type = HTTP下载; remote path = /; local path = C:/ICBC/winoneO2O/Financial/res/BBWL63.pdf; state = 下载中; config path = BBWL63.pdf.conf; tmp path = BBWL63.pdf.tmp ]
FTC_LOG [2017-08-08 11:01:26:126]   移除: [ id = 92556750617398; uri = https://image.mybank.icbc.com.cn/picture/Perfinancingproduct/BBWL91.pdf; type = HTTP下载; remote path = /; local path = C:/ICBC/winoneO2O/Financial/res/BBWL91.pdf; state = 下载中; config path = BBWL91.pdf.conf; tmp path = BBWL91.pdf.tmp ]
FTC_LOG [2017-08-08 11:01:27:127]   移除: [ id = 92556751000995; uri = https://image.mybank.icbc.com.cn/picture/Perfinancingproduct/PBZO1300.pdf; type = HTTP下载; remote path = /; local path = C:/ICBC/winoneO2O/Financial/res/PBZO1300.pdf; state = 下载中; config path = PBZO1300.pdf.conf; tmp path = PBZO1300.pdf.tmp ]
FTC_LOG [2017-08-08 11:01:27:127]   移除: [ id = 92556751162967; uri = https://image.mybank.icbc.com.cn/picture/Perfinancingproduct/PBZP17FD.pdf; type = HTTP下载; remote path = /; local path = C:/ICBC/winoneO2O/Financial/res/PBZP17FD.pdf; state = 下载中; config path = PBZP17FD.pdf.conf; tmp path = PBZP17FD.pdf.tmp ]
FTC_LOG [2017-08-08 11:01:28:128]   移除: [ id = 92556751294356; uri = https://image.mybank.icbc.com.cn/picture/Perfinancingproduct/PBZP17FC.pdf; type = HTTP下载; remote path = /; local path = C:/ICBC/winoneO2O/Financial/res/PBZP17FC.pdf; state = 下载中; config path = PBZP17FC.pdf.conf; tmp path = PBZP17FC.pdf.tmp ]
FTC_LOG [2017-08-08 11:01:28:128]   移除: [ id = 92556751431787; uri = https://image.mybank.icbc.com.cn/picture/Perfinancingproduct/PBZP17FB.pdf; type = HTTP下载; remote path = /; local path = C:/ICBC/winoneO2O/Financial/res/PBZP17FB.pdf; state = 下载中; config path = PBZP17FB.pdf.conf; tmp path = PBZP17FB.pdf.tmp ]
FTC_LOG [2017-08-08 11:01:29:129]   移除: [ id = 92556751593758; uri = https://image.mybank.icbc.com.cn/picture/Perfinancingproduct/PBZO1302.pdf; type = HTTP下载; remote path = /; local path = C:/ICBC/winoneO2O/Financial/res/PBZO1302.pdf; state = 下载中; config path = PBZO1302.pdf.conf; tmp path = PBZO1302.pdf.tmp ]
FTC_LOG [2017-08-08 11:01:29:129]   移除: [ id = 92556751731189; uri = https://image.mybank.icbc.com.cn/picture/Perfinancingproduct/PBZO1306.pdf; type = HTTP下载; remote path = /; local path = C:/ICBC/winoneO2O/Financial/res/PBZO1306.pdf; state = 下载中; config path = PBZO1306.pdf.conf; tmp path = PBZO1306.pdf.tmp ]
FTC_LOG [2017-08-08 11:01:30:130]   移除: [ id = 92556751895426; uri = https://image.mybank.icbc.com.cn/picture/Perfinancingproduct/ZL60D01.pdf; type = HTTP下载; remote path = /; local path = C:/ICBC/winoneO2O/Financial/res/ZL60D01.pdf; state = 下载中; config path = ZL60D01.pdf.conf; tmp path = ZL60D01.pdf.tmp ]
FTC_LOG [2017-08-08 11:01:30:130]   移除: [ id = 92556752043428; uri = https://image.mybank.icbc.com.cn/picture/Perfinancingproduct/CFWL63.pdf; type = HTTP下载; remote path = /; local path = C:/ICBC/winoneO2O/Financial/res/CFWL63.pdf; state = 下载中; config path = CFWL63.pdf.conf; tmp path = CFWL63.pdf.tmp ]
FTC_LOG [2017-08-08 11:01:31:131]   移除: [ id = 92556752180858; uri = https://image.mybank.icbc.com.cn/picture/Perfinancingproduct/ZL90D01.pdf; type = HTTP下载; remote path = /; local path = C:/ICBC/winoneO2O/Financial/res/ZL90D01.pdf; state = 下载中; config path = ZL90D01.pdf.conf; tmp path = ZL90D01.pdf.tmp ]
FTC_LOG [2017-08-08 11:01:31:131]   移除: [ id = 92556752329615; uri = https://image.mybank.icbc.com.cn/picture/Perfinancingproduct/ZL90D02.pdf; type = HTTP下载; remote path = /; local path = C:/ICBC/winoneO2O/Financial/res/ZL90D02.pdf; state = 下载中; config path = ZL90D02.pdf.conf; tmp path = ZL90D02.pdf.tmp ]
FTC_LOG [2017-08-08 11:01:32:132]   移除: [ id = 92556752466290; uri = https://image.mybank.icbc.com.cn/picture/Perfinancingproduct/CFWL98.pdf; type = HTTP下载; remote path = /; local path = C:/ICBC/winoneO2O/Financial/res/CFWL98.pdf; state = 下载中; config path = CFWL98.pdf.conf; tmp path = CFWL98.pdf.tmp ]
FTC_LOG [2017-08-08 11:01:32:132]   移除: [ id = 92556752601455; uri = https://image.mybank.icbc.com.cn/picture/Perfinancingproduct/ZL120D01.pdf; type = HTTP下载; remote path = /; local path = C:/ICBC/winoneO2O/Financial/res/ZL120D01.pdf; state = 下载中; config path = ZL120D01.pdf.conf; tmp path = ZL120D01.pdf.tmp ]
FTC_LOG [2017-08-08 11:01:33:133]   移除: [ id = 92556752738886; uri = https://image.mybank.icbc.com.cn/picture/Perfinancingproduct/CFWL126.pdf; type = HTTP下载; remote path = /; local path = C:/ICBC/winoneO2O/Financial/res/CFWL126.pdf; state = 下载中; config path = CFWL126.pdf.conf; tmp path = CFWL126.pdf.tmp ]
FTC_LOG [2017-08-08 11:01:33:133]   移除: [ id = 92556752883490; uri = https://image.mybank.icbc.com.cn/picture/Perfinancingproduct/CFWL147.pdf; type = HTTP下载; remote path = /; local path = C:/ICBC/winoneO2O/Financial/res/CFWL147.pdf; state = 下载中; config path = CFWL147.pdf.conf; tmp path = CFWL147.pdf.tmp ]
FTC_LOG [2017-08-08 11:01:34:134]   移除: [ id = 92556753070380; uri = https://image.mybank.icbc.com.cn/picture/Perfinancingproduct/CFWL189.pdf; type = HTTP下载; remote path = /; local path = C:/ICBC/winoneO2O/Financial/res/CFWL189.pdf; state = 下载中; config path = CFWL189.pdf.conf; tmp path = CFWL189.pdf.tmp ]
FTC_LOG [2017-08-08 11:01:34:134]   移除: [ id = 92556753280679; uri = https://image.mybank.icbc.com.cn/picture/Perfinancingproduct/AXTL273.pdf; type = HTTP下载; remote path = /; local path = C:/ICBC/winoneO2O/Financial/res/AXTL273.pdf; state = 下载中; config path = AXTL273.pdf.conf; tmp path = AXTL273.pdf.tmp ]
FTC_LOG [2017-08-08 11:01:35:135]   移除: [ id = 92556753451712; uri = https://image.mybank.icbc.com.cn/picture/Perfinancingproduct/CFWL350.pdf; type = HTTP下载; remote path = /; local path = C:/ICBC/winoneO2O/Financial/res/CFWL350.pdf; state = 下载中; config path = CFWL350.pdf.conf; tmp path = CFWL350.pdf.tmp ]
FTC_LOG [2017-08-08 11:01:35:135]   移除: [ id = 92556753642378; uri = https://image.mybank.icbc.com.cn/picture/Perfinancingproduct/ZL360D01.pdf; type = HTTP下载; remote path = /; local path = C:/ICBC/winoneO2O/Financial/res/ZL360D01.pdf; state = 下载中; config path = ZL360D01.pdf.conf; tmp path = ZL360D01.pdf.tmp ]
FTC_LOG [2017-08-08 11:01:36:136]   移除: [ id = 92556753785471; uri = https://image.mybank.icbc.com.cn/picture/Perfinancingproduct/ZL360D02.pdf; type = HTTP下载; remote path = /; local path = C:/ICBC/winoneO2O/Financial/res/ZL360D02.pdf; state = 下载中; config path = ZL360D02.pdf.conf; tmp path = ZL360D02.pdf.tmp ]
FTC_LOG [2017-08-08 11:01:36:136]   移除: [ id = 92556753955749; uri = https://image.mybank.icbc.com.cn/picture/Perfinancingproduct/WY1001.pdf; type = HTTP下载; remote path = /; local path = C:/ICBC/winoneO2O/Financial/res/WY1001.pdf; state = 下载中; config path = WY1001.pdf.conf; tmp path = WY1001.pdf.tmp ]
FTC_LOG [2017-08-08 11:01:37:137]   移除: [ id = 92556754107527; uri = https://image.mybank.icbc.com.cn/picture/Perfinancingproduct/WY1002.pdf; type = HTTP下载; remote path = /; local path = C:/ICBC/winoneO2O/Financial/res/WY1002.pdf; state = 下载中; config path = WY1002.pdf.conf; tmp path = WY1002.pdf.tmp ]
FTC_LOG [2017-08-08 11:01:37:137]   移除: [ id = 92556754260815; uri = https://image.mybank.icbc.com.cn/picture/Perfinancingproduct/ZH1730.pdf; type = HTTP下载; remote path = /; local path = C:/ICBC/winoneO2O/Financial/res/ZH1730.pdf; state = 下载中; config path = ZH1730.pdf.conf; tmp path = ZH1730.pdf.tmp ]
FTC_LOG [2017-08-08 11:01:38:138]   移除: [ id = 92556754424296; uri = https://image.mybank.icbc.com.cn/picture/Perfinancingproduct/AXTL77.pdf; type = HTTP下载; remote path = /; local path = C:/ICBC/winoneO2O/Financial/res/AXTL77.pdf; state = 下载中; config path = AXTL77.pdf.conf; tmp path = AXTL77.pdf.tmp ]
FTC_LOG [2017-08-08 11:01:38:138]   移除: [ id = 92556754593819; uri = https://image.mybank.icbc.com.cn/picture/Perfinancingproduct/CFWL42.pdf; type = HTTP下载; remote path = /; local path = C:/ICBC/winoneO2O/Financial/res/CFWL42.pdf; state = 下载中; config path = CFWL42.pdf.conf; tmp path = CFWL42.pdf.tmp ]
FTC_LOG [2017-08-08 11:01:39:139]   ------------------------开始检测------------------------
FTC_LOG [2017-08-08 11:01:39:139]   

FTC_LOG [2017-08-08 11:01:39:139]   移除: [ id = 92556754832057; uri = https://image.mybank.icbc.com.cn/picture/Perfinancingproduct/QQWJ28.pdf; type = HTTP下载; remote path = /; local path = C:/ICBC/winoneO2O/Financial/res/QQWJ28.pdf; state = 下载中; config path = QQWJ28.pdf.conf; tmp path = QQWJ28.pdf.tmp ]
FTC_LOG [2017-08-08 11:01:39:139]   移除: [ id = 92556755004978; uri = https://image.mybank.icbc.com.cn/picture/Perfinancingproduct/ZL120D02.pdf; type = HTTP下载; remote path = /; local path = C:/ICBC/winoneO2O/Financial/res/ZL120D02.pdf; state = 下载中; config path = ZL120D02.pdf.conf; tmp path = ZL120D02.pdf.tmp ]
FTC_LOG [2017-08-08 11:01:40:140]   ------------------------开始检测------------------------
FTC_LOG [2017-08-08 11:01:40:140]   

FTC_LOG [2017-08-08 11:01:40:140]   移除: [ id = 92556755157510; uri = https://image.mybank.icbc.com.cn/picture/Perfinancingproduct/ZL150D01.pdf; type = HTTP下载; remote path = /; local path = C:/ICBC/winoneO2O/Financial/res/ZL150D01.pdf; state = 下载中; config path = ZL150D01.pdf.conf; tmp path = ZL150D01.pdf.tmp ]
FTC_LOG [2017-08-08 11:01:41:141]   移除: [ id = 92556755332696; uri = https://image.mybank.icbc.com.cn/picture/Perfinancingproduct/ZL150D02.pdf; type = HTTP下载; remote path = /; local path = C:/ICBC/winoneO2O/Financial/res/ZL150D02.pdf; state = 下载中; config path = ZL150D02.pdf.conf; tmp path = ZL150D02.pdf.tmp ]
FTC_LOG [2017-08-08 11:01:41:141]   ------------------------开始检测------------------------
FTC_LOG [2017-08-08 11:01:41:141]   

FTC_LOG [2017-08-08 11:01:41:141]   移除: [ id = 92556755507505; uri = https://image.mybank.icbc.com.cn/picture/Perfinancingproduct/ZL180D01.pdf; type = HTTP下载; remote path = /; local path = C:/ICBC/winoneO2O/Financial/res/ZL180D01.pdf; state = 下载中; config path = ZL180D01.pdf.conf; tmp path = ZL180D01.pdf.tmp ]
FTC_LOG [2017-08-08 11:01:41:141]   移除: [ id = 92557914462399; uri = https://image.mybank.icbc.com.cn//picture/creditCard/cardPicture/C000066493.jpg; type = HTTP下载; remote path = /; local path = C:/ICBC/winoneO2O/CreditCard/res/C000066493.jpg; state = 下载中; config path = C000066493.jpg.conf; tmp path = C000066493.jpg.tmp ]
FTC_LOG [2017-08-08 11:01:42:142]   移除: [ id = 92557915185042; uri = https://image.mybank.icbc.com.cn//picture/creditCard/cardPicture/C000066494.jpg; type = HTTP下载; remote path = /; local path = C:/ICBC/winoneO2O/CreditCard/res/C000066494.jpg; state = 下载中; config path = C000066494.jpg.conf; tmp path = C000066494.jpg.tmp ]
FTC_LOG [2017-08-08 11:01:42:142]   移除: [ id = 92557915371554; uri = https://image.mybank.icbc.com.cn//picture/creditCard/cardPicture/C000066501.jpg; type = HTTP下载; remote path = /; local path = C:/ICBC/winoneO2O/CreditCard/res/C000066501.jpg; state = 下载中; config path = C000066501.jpg.conf; tmp path = C000066501.jpg.tmp ]
FTC_LOG [2017-08-08 11:01:43:143]   移除: [ id = 92557915544853; uri = https://image.mybank.icbc.com.cn//picture/creditCard/cardPicture/C000068981.jpg; type = HTTP下载; remote path = /; local path = C:/ICBC/winoneO2O/CreditCard/res/C000068981.jpg; state = 下载中; config path = C000068981.jpg.conf; tmp path = C000068981.jpg.tmp ]
FTC_LOG [2017-08-08 11:01:43:143]   移除: [ id = 92557915764213; uri = https://image.mybank.icbc.com.cn//picture/creditCard/cardPicture/C000068980.jpg; type = HTTP下载; remote path = /; local path = C:/ICBC/winoneO2O/CreditCard/res/C000068980.jpg; state = 下载中; config path = C000068980.jpg.conf; tmp path = C000068980.jpg.tmp ]
FTC_LOG [2017-08-08 11:01:44:144]   移除: [ id = 92557915912215; uri = https://image.mybank.icbc.com.cn//picture/creditCard/cardPicture/C000068992.jpg; type = HTTP下载; remote path = /; local path = C:/ICBC/winoneO2O/CreditCard/res/C000068992.jpg; state = 下载中; config path = C000068992.jpg.conf; tmp path = C000068992.jpg.tmp ]
FTC_LOG [2017-08-08 11:01:44:144]   ------------------------开始检测------------------------
FTC_LOG [2017-08-08 11:01:44:144]   [ task : HTTP下载 https://image.mybank.icbc.com.cn//picture/creditCard/cardPicture/C000071485.jpg; state: 传输中; currentSize: 0 ]
FTC_LOG [2017-08-08 11:01:44:144]   

FTC_LOG [2017-08-08 11:01:44:144]   移除: [ id = 92557916070411; uri = https://image.mybank.icbc.com.cn//picture/creditCard/cardPicture/C000071485.jpg; type = HTTP下载; remote path = /; local path = C:/ICBC/winoneO2O/CreditCard/res/C000071485.jpg; state = 下载中; config path = C000071485.jpg.conf; tmp path = C000071485.jpg.tmp ]
FTC_LOG [2017-08-08 11:01:45:145]   移除: [ id = 92557916204821; uri = https://image.mybank.icbc.com.cn//picture/creditCard/cardPicture/C000071478.jpg; type = HTTP下载; remote path = /; local path = C:/ICBC/winoneO2O/CreditCard/res/C000071478.jpg; state = 下载中; config path = C000071478.jpg.conf; tmp path = C000071478.jpg.tmp ]
FTC_LOG [2017-08-08 11:01:45:145]   ------------------------开始检测------------------------
FTC_LOG [2017-08-08 11:01:45:145]   

FTC_LOG [2017-08-08 11:01:45:145]   移除: [ id = 92557916342251; uri = https://image.mybank.icbc.com.cn//picture/creditCard/cardPicture/C000071476.jpg; type = HTTP下载; remote path = /; local path = C:/ICBC/winoneO2O/CreditCard/res/C000071476.jpg; state = 下载中; config path = C000071476.jpg.conf; tmp path = C000071476.jpg.tmp ]
FTC_LOG [2017-08-08 11:01:46:146]   移除: [ id = 92557916467600; uri = https://image.mybank.icbc.com.cn//picture/creditCard/cardPicture/C000050484.jpg; type = HTTP下载; remote path = /; local path = C:/ICBC/winoneO2O/CreditCard/res/C000050484.jpg; state = 下载中; config path = C000050484.jpg.conf; tmp path = C000050484.jpg.tmp ]
FTC_LOG [2017-08-08 11:01:46:146]   ------------------------开始检测------------------------
FTC_LOG [2017-08-08 11:01:46:146]   

FTC_LOG [2017-08-08 11:01:46:146]   移除: [ id = 92557916597857; uri = https://image.mybank.icbc.com.cn//picture/creditCard/cardPicture/C000050478.jpg; type = HTTP下载; remote path = /; local path = C:/ICBC/winoneO2O/CreditCard/res/C000050478.jpg; state = 下载中; config path = C000050478.jpg.conf; tmp path = C000050478.jpg.tmp ]
FTC_LOG [2017-08-08 11:01:46:146]   移除: [ id = 92557916729624; uri = https://image.mybank.icbc.com.cn//picture/creditCard/cardPicture/C000050483.jpg; type = HTTP下载; remote path = /; local path = C:/ICBC/winoneO2O/CreditCard/res/C000050483.jpg; state = 下载中; config path = C000050483.jpg.conf; tmp path = C000050483.jpg.tmp ]
FTC_LOG [2017-08-08 11:01:47:147]   移除: [ id = 92557916859125; uri = https://image.mybank.icbc.com.cn//picture/creditCard/cardPicture/C000047977.jpg; type = HTTP下载; remote path = /; local path = C:/ICBC/winoneO2O/CreditCard/res/C000047977.jpg; state = 下载中; config path = C000047977.jpg.conf; tmp path = C000047977.jpg.tmp ]
FTC_LOG [2017-08-08 11:01:47:147]   移除: [ id = 92557917012413; uri = https://image.mybank.icbc.com.cn//picture/creditCard/cardPicture/C000047978.jpg; type = HTTP下载; remote path = /; local path = C:/ICBC/winoneO2O/CreditCard/res/C000047978.jpg; state = 下载中; config path = C000047978.jpg.conf; tmp path = C000047978.jpg.tmp ]
FTC_LOG [2017-08-08 11:01:48:148]   移除: [ id = 92557917141537; uri = https://image.mybank.icbc.com.cn//picture/creditCard/cardPicture/C000013484.jpg; type = HTTP下载; remote path = /; local path = C:/ICBC/winoneO2O/CreditCard/res/C000013484.jpg; state = 下载中; config path = C000013484.jpg.conf; tmp path = C000013484.jpg.tmp ]
FTC_LOG [2017-08-08 11:01:48:148]   移除: [ id = 92557917317478; uri = https://image.mybank.icbc.com.cn//picture/creditCard/cardPicture/C000013485.jpg; type = HTTP下载; remote path = /; local path = C:/ICBC/winoneO2O/CreditCard/res/C000013485.jpg; state = 下载中; config path = C000013485.jpg.conf; tmp path = C000013485.jpg.tmp ]
FTC_LOG [2017-08-08 11:01:49:149]   移除: [ id = 92557917442450; uri = https://image.mybank.icbc.com.cn//picture/creditCard/cardPicture/C000014977.jpg; type = HTTP下载; remote path = /; local path = C:/ICBC/winoneO2O/CreditCard/res/C000014977.jpg; state = 下载中; config path = C000014977.jpg.conf; tmp path = C000014977.jpg.tmp ]
FTC_LOG [2017-08-08 11:01:50:150]   移除: [ id = 92557917565155; uri = https://image.mybank.icbc.com.cn//picture/creditCard/cardPicture/C000019476.jpg; type = HTTP下载; remote path = /; local path = C:/ICBC/winoneO2O/CreditCard/res/C000019476.jpg; state = 下载中; config path = C000019476.jpg.conf; tmp path = C000019476.jpg.tmp ]
FTC_LOG [2017-08-08 11:01:50:150]   移除: [ id = 92557917688616; uri = https://image.mybank.icbc.com.cn//picture/creditCard/cardPicture/C000019478.jpg; type = HTTP下载; remote path = /; local path = C:/ICBC/winoneO2O/CreditCard/res/C000019478.jpg; state = 下载中; config path = C000019478.jpg.conf; tmp path = C000019478.jpg.tmp ]
FTC_LOG [2017-08-08 11:01:50:150]   移除: [ id = 92557917813587; uri = https://image.mybank.icbc.com.cn//picture/creditCard/cardPicture/C000026981.jpg; type = HTTP下载; remote path = /; local path = C:/ICBC/winoneO2O/CreditCard/res/C000026981.jpg; state = 下载中; config path = C000026981.jpg.conf; tmp path = C000026981.jpg.tmp ]
FTC_LOG [2017-08-08 11:01:51:151]   移除: [ id = 92557917935915; uri = https://image.mybank.icbc.com.cn//picture/creditCard/cardPicture/C000005602.jpg; type = HTTP下载; remote path = /; local path = C:/ICBC/winoneO2O/CreditCard/res/C000005602.jpg; state = 下载中; config path = C000005602.jpg.conf; tmp path = C000005602.jpg.tmp ]
FTC_LOG [2017-08-08 11:01:51:151]   ------------------------开始检测------------------------
FTC_LOG [2017-08-08 11:01:51:151]   

FTC_LOG [2017-08-08 11:01:51:151]   移除: [ id = 92557918289308; uri = https://image.mybank.icbc.com.cn//picture/creditCard/cardPicture/C000005603.jpg; type = HTTP下载; remote path = /; local path = C:/ICBC/winoneO2O/CreditCard/res/C000005603.jpg; state = 下载中; config path = C000005603.jpg.conf; tmp path = C000005603.jpg.tmp ]
FTC_LOG [2017-08-08 11:01:52:152]   移除: [ id = 92557918435045; uri = https://image.mybank.icbc.com.cn//picture/creditCard/cardPicture/C000026982.jpg; type = HTTP下载; remote path = /; local path = C:/ICBC/winoneO2O/CreditCard/res/C000026982.jpg; state = 下载中; config path = C000026982.jpg.conf; tmp path = C000026982.jpg.tmp ]
FTC_LOG [2017-08-08 11:01:52:152]   移除: [ id = 92557918576251; uri = https://image.mybank.icbc.com.cn//picture/creditCard/cardPicture/C000067007.jpg; type = HTTP下载; remote path = /; local path = C:/ICBC/winoneO2O/CreditCard/res/C000067007.jpg; state = 下载中; config path = C000067007.jpg.conf; tmp path = C000067007.jpg.tmp ]
FTC_LOG [2017-08-08 11:01:53:153]   移除: [ id = 92557918699334; uri = https://image.mybank.icbc.com.cn//picture/creditCard/cardPicture/C000067002.jpg; type = HTTP下载; remote path = /; local path = C:/ICBC/winoneO2O/CreditCard/res/C000067002.jpg; state = 下载中; config path = C000067002.jpg.conf; tmp path = C000067002.jpg.tmp ]
FTC_LOG [2017-08-08 11:01:53:153]   移除: [ id = 92557918838652; uri = https://image.mybank.icbc.com.cn//picture/creditCard/cardPicture/C000067018.jpg; type = HTTP下载; remote path = /; local path = C:/ICBC/winoneO2O/CreditCard/res/C000067018.jpg; state = 下载中; config path = C000067018.jpg.conf; tmp path = C000067018.jpg.tmp ]
FTC_LOG [2017-08-08 11:01:54:154]   移除: [ id = 92557919132391; uri = https://image.mybank.icbc.com.cn//picture/creditCard/cardPicture/C000005805.jpg; type = HTTP下载; remote path = /; local path = C:/ICBC/winoneO2O/CreditCard/res/C000005805.jpg; state = 下载中; config path = C000005805.jpg.conf; tmp path = C000005805.jpg.tmp ]
FTC_LOG [2017-08-08 11:01:54:154]   移除: [ id = 92557919310220; uri = https://image.mybank.icbc.com.cn//picture/creditCard/cardPicture/C000005806.jpg; type = HTTP下载; remote path = /; local path = C:/ICBC/winoneO2O/CreditCard/res/C000005806.jpg; state = 下载中; config path = C000005806.jpg.conf; tmp path = C000005806.jpg.tmp ]
FTC_LOG [2017-08-08 11:01:54:154]   ------------------------开始检测------------------------
FTC_LOG [2017-08-08 11:01:54:154]   [ task : HTTP下载 https://image.mybank.icbc.com.cn//picture/creditCard/cardPicture/C000005804.jpg; state: 传输中; currentSize: 0 ]
FTC_LOG [2017-08-08 11:01:54:154]   

FTC_LOG [2017-08-08 11:01:54:154]   移除: [ id = 92557919451426; uri = https://image.mybank.icbc.com.cn//picture/creditCard/cardPicture/C000005804.jpg; type = HTTP下载; remote path = /; local path = C:/ICBC/winoneO2O/CreditCard/res/C000005804.jpg; state = 下载中; config path = C000005804.jpg.conf; tmp path = C000005804.jpg.tmp ]
FTC_LOG [2017-08-08 11:01:55:155]   移除: [ id = 92557919588478; uri = https://image.mybank.icbc.com.cn//picture/creditCard/cardPicture/C000005808.jpg; type = HTTP下载; remote path = /; local path = C:/ICBC/winoneO2O/CreditCard/res/C000005808.jpg; state = 下载中; config path = C000005808.jpg.conf; tmp path = C000005808.jpg.tmp ]
FTC_LOG [2017-08-08 11:01:55:155]   移除: [ id = 92557919737991; uri = https://image.mybank.icbc.com.cn//picture/creditCard/cardPicture/C000005834.jpg; type = HTTP下载; remote path = /; local path = C:/ICBC/winoneO2O/CreditCard/res/C000005834.jpg; state = 下载中; config path = C000005834.jpg.conf; tmp path = C000005834.jpg.tmp ]
FTC_LOG [2017-08-08 11:01:56:156]   移除: [ id = 92557919864850; uri = https://image.mybank.icbc.com.cn//picture/creditCard/cardPicture/C000066982.jpg; type = HTTP下载; remote path = /; local path = C:/ICBC/winoneO2O/CreditCard/res/C000066982.jpg; state = 下载中; config path = C000066982.jpg.conf; tmp path = C000066982.jpg.tmp ]
FTC_LOG [2017-08-08 11:01:56:156]   移除: [ id = 92557920009454; uri = https://image.mybank.icbc.com.cn//picture/creditCard/cardPicture/C000066983.jpg; type = HTTP下载; remote path = /; local path = C:/ICBC/winoneO2O/CreditCard/res/C000066983.jpg; state = 下载中; config path = C000066983.jpg.conf; tmp path = C000066983.jpg.tmp ]
FTC_LOG [2017-08-08 11:01:57:157]   移除: [ id = 92557920132537; uri = https://image.mybank.icbc.com.cn//picture/creditCard/cardPicture/C000066981.jpg; type = HTTP下载; remote path = /; local path = C:/ICBC/winoneO2O/CreditCard/res/C000066981.jpg; state = 下载中; config path = C000066981.jpg.conf; tmp path = C000066981.jpg.tmp ]
FTC_LOG [2017-08-08 11:01:57:157]   移除: [ id = 92557920253732; uri = https://image.mybank.icbc.com.cn//picture/creditCard/cardPicture/C000066979.jpg; type = HTTP下载; remote path = /; local path = C:/ICBC/winoneO2O/CreditCard/res/C000066979.jpg; state = 下载中; config path = C000066979.jpg.conf; tmp path = C000066979.jpg.tmp ]
FTC_LOG [2017-08-08 11:01:57:157]   ------------------------开始检测------------------------
FTC_LOG [2017-08-08 11:01:57:157]   [ task : HTTP下载 https://image.mybank.icbc.com.cn//picture/creditCard/cardPicture/C000066980.jpg; state: 传输中; currentSize: 16384; progress: 16 Kb/s ]
FTC_LOG [2017-08-08 11:01:57:157]   

FTC_LOG [2017-08-08 11:01:58:158]   移除: [ id = 92557920380214; uri = https://image.mybank.icbc.com.cn//picture/creditCard/cardPicture/C000066980.jpg; type = HTTP下载; remote path = /; local path = C:/ICBC/winoneO2O/CreditCard/res/C000066980.jpg; state = 下载中; config path = C000066980.jpg.conf; tmp path = C000066980.jpg.tmp ]
FTC_LOG [2017-08-08 11:01:58:158]   移除: [ id = 92557920501032; uri = https://image.mybank.icbc.com.cn//picture/creditCard/cardPicture/C000066977.jpg; type = HTTP下载; remote path = /; local path = C:/ICBC/winoneO2O/CreditCard/res/C000066977.jpg; state = 下载中; config path = C000066977.jpg.conf; tmp path = C000066977.jpg.tmp ]
FTC_LOG [2017-08-08 11:01:58:158]   ------------------------开始检测------------------------
FTC_LOG [2017-08-08 11:01:58:158]   

FTC_LOG [2017-08-08 11:01:58:158]   移除: [ id = 92557920665646; uri = https://image.mybank.icbc.com.cn//picture/creditCard/cardPicture/C000005802.jpg; type = HTTP下载; remote path = /; local path = C:/ICBC/winoneO2O/CreditCard/res/C000005802.jpg; state = 下载中; config path = C000005802.jpg.conf; tmp path = C000005802.jpg.tmp ]
FTC_LOG [2017-08-08 11:01:59:159]   移除: [ id = 92557920795525; uri = https://image.mybank.icbc.com.cn//picture/creditCard/cardPicture/C000005803.jpg; type = HTTP下载; remote path = /; local path = C:/ICBC/winoneO2O/CreditCard/res/C000005803.jpg; state = 下载中; config path = C000005803.jpg.conf; tmp path = C000005803.jpg.tmp ]
FTC_LOG [2017-08-08 11:02:00:20]   移除: [ id = 92557920914833; uri = https://image.mybank.icbc.com.cn//picture/creditCard/cardPicture/C000005801.jpg; type = HTTP下载; remote path = /; local path = C:/ICBC/winoneO2O/CreditCard/res/C000005801.jpg; state = 下载中; config path = C000005801.jpg.conf; tmp path = C000005801.jpg.tmp ]
FTC_LOG [2017-08-08 11:02:00:20]   移除: [ id = 92557921059815; uri = https://image.mybank.icbc.com.cn//picture/creditCard/cardPicture/C000066997.jpg; type = HTTP下载; remote path = /; local path = C:/ICBC/winoneO2O/CreditCard/res/C000066997.jpg; state = 下载中; config path = C000066997.jpg.conf; tmp path = C000066997.jpg.tmp ]
FTC_LOG [2017-08-08 11:02:00:20]   移除: [ id = 92557921190449; uri = https://image.mybank.icbc.com.cn//picture/creditCard/cardPicture/C000067015.jpg; type = HTTP下载; remote path = /; local path = C:/ICBC/winoneO2O/CreditCard/res/C000067015.jpg; state = 下载中; config path = C000067015.jpg.conf; tmp path = C000067015.jpg.tmp ]
FTC_LOG [2017-08-08 11:02:01:21]   移除: [ id = 92557921319951; uri = https://image.mybank.icbc.com.cn//picture/creditCard/cardPicture/C000066996.jpg; type = HTTP下载; remote path = /; local path = C:/ICBC/winoneO2O/CreditCard/res/C000066996.jpg; state = 下载中; config path = C000066996.jpg.conf; tmp path = C000066996.jpg.tmp ]
FTC_LOG [2017-08-08 11:02:01:21]   移除: [ id = 92557921437371; uri = https://image.mybank.icbc.com.cn//picture/creditCard/cardPicture/C000003914.JPG; type = HTTP下载; remote path = /; local path = C:/ICBC/winoneO2O/CreditCard/res/C000003914.JPG; state = 下载中; config path = C000003914.JPG.conf; tmp path = C000003914.JPG.tmp ]
FTC_LOG [2017-08-08 11:02:02:22]   ------------------------开始检测------------------------
FTC_LOG [2017-08-08 11:02:02:22]   

FTC_LOG [2017-08-08 11:02:02:22]   移除: [ id = 92557921589526; uri = https://image.mybank.icbc.com.cn//picture/creditCard/cardPicture/C000003915.JPG; type = HTTP下载; remote path = /; local path = C:/ICBC/winoneO2O/CreditCard/res/C000003915.JPG; state = 下载中; config path = C000003915.JPG.conf; tmp path = C000003915.JPG.tmp ]
FTC_LOG [2017-08-08 11:02:02:22]   移除: [ id = 92557921720538; uri = https://image.mybank.icbc.com.cn//picture/creditCard/cardPicture/C000026978.jpg; type = HTTP下载; remote path = /; local path = C:/ICBC/winoneO2O/CreditCard/res/C000026978.jpg; state = 下载中; config path = C000026978.jpg.conf; tmp path = C000026978.jpg.tmp ]
FTC_LOG [2017-08-08 11:02:03:23]   移除: [ id = 92557921850040; uri = https://image.mybank.icbc.com.cn//picture/creditCard/cardPicture/C000077476.jpg; type = HTTP下载; remote path = /; local path = C:/ICBC/winoneO2O/CreditCard/res/C000077476.jpg; state = 下载中; config path = C000077476.jpg.conf; tmp path = C000077476.jpg.tmp ]
FTC_LOG [2017-08-08 11:02:03:23]   移除: [ id = 92557922006725; uri = https://image.mybank.icbc.com.cn//picture/creditCard/cardPicture/C000077482.jpg; type = HTTP下载; remote path = /; local path = C:/ICBC/winoneO2O/CreditCard/res/C000077482.jpg; state = 下载中; config path = C000077482.jpg.conf; tmp path = C000077482.jpg.tmp ]
FTC_LOG [2017-08-08 11:02:04:24]   移除: [ id = 92557922145288; uri = https://image.mybank.icbc.com.cn//picture/creditCard/cardPicture/C000077488.jpg; type = HTTP下载; remote path = /; local path = C:/ICBC/winoneO2O/CreditCard/res/C000077488.jpg; state = 下载中; config path = C000077488.jpg.conf; tmp path = C000077488.jpg.tmp ]
